# JRE version: OpenJDK Runtime Environment Temurin-17.0.9+9 (17.0.9+9) (build 17.0.9+9)
# Java VM: OpenJDK 64-Bit Server VM Temurin-17.0.9+9 (17.0.9+9, mixed mode, sharing, tiered, compressed oops, compressed class ptrs, g1 gc, windows-amd64)
GC Precious Log:
 CPUs: 12 total, 12 available
 Memory: 16083M
 Large Page Support: Disabled
 NUMA Support: Disabled
 Compressed Oops: Enabled (32-bit)
 Heap Region Size: 1M
 Heap Min Capacity: 256M
 Heap Initial Capacity: 256M
 Heap Max Capacity: 512M
 Pre-touch: Disabled
 Parallel Workers: 10
 Concurrent Workers: 3
 Concurrent Refinement Workers: 10
 Periodic GC: Disabled
Heap:
 garbage-first heap   total 262144K, used 182914K [0x00000000e0000000, 0x0000000100000000)
  region size 1024K, 91 young (93184K), 17 survivors (17408K)
 Metaspace       used 81870K, committed 82624K, reserved 458752K
  class space    used 11036K, committed 11392K, reserved 327680K
GC Heap History (20 events):
Event: 19.842 GC heap before
{Heap before GC invocations=2 (full 0):
 garbage-first heap   total 262144K, used 129577K [0x00000000e0000000, 0x0000000100000000)
  region size 1024K, 116 young (118784K), 1 survivors (1024K)
 Metaspace       used 21194K, committed 21504K, reserved 393216K
  class space    used 3110K, committed 3264K, reserved 327680K
}
Event: 19.856 GC heap after
{Heap after GC invocations=3 (full 0):
 garbage-first heap   total 262144K, used 22945K [0x00000000e0000000, 0x0000000100000000)
  region size 1024K, 12 young (12288K), 12 survivors (12288K)
 Metaspace       used 21194K, committed 21504K, reserved 393216K
  class space    used 3110K, committed 3264K, reserved 327680K
}
Event: 34.336 GC heap before
{Heap before GC invocations=4 (full 0):
 garbage-first heap   total 262144K, used 146849K [0x00000000e0000000, 0x0000000100000000)
  region size 1024K, 128 young (131072K), 12 survivors (12288K)
 Metaspace       used 35512K, committed 35968K, reserved 393216K
  class space    used 4823K, committed 5056K, reserved 327680K
}
Event: 34.350 GC heap after
{Heap after GC invocations=5 (full 0):
 garbage-first heap   total 262144K, used 31480K [0x00000000e0000000, 0x0000000100000000)
  region size 1024K, 9 young (9216K), 9 survivors (9216K)
 Metaspace       used 35512K, committed 35968K, reserved 393216K
  class space    used 4823K, committed 5056K, reserved 327680K
}
Event: 34.842 GC heap before
{Heap before GC invocations=5 (full 0):
 garbage-first heap   total 262144K, used 34552K [0x00000000e0000000, 0x0000000100000000)
  region size 1024K, 12 young (12288K), 9 survivors (9216K)
 Metaspace       used 35725K, committed 36224K, reserved 393216K
  class space    used 4862K, committed 5120K, reserved 327680K
}
Event: 34.847 GC heap after
{Heap after GC invocations=6 (full 0):
 garbage-first heap   total 262144K, used 31936K [0x00000000e0000000, 0x0000000100000000)
  region size 1024K, 2 young (2048K), 2 survivors (2048K)
 Metaspace       used 35725K, committed 36224K, reserved 393216K
  class space    used 4862K, committed 5120K, reserved 327680K
}
Event: 34.917 GC heap before
{Heap before GC invocations=6 (full 0):
 garbage-first heap   total 262144K, used 32960K [0x00000000e0000000, 0x0000000100000000)
  region size 1024K, 4 young (4096K), 2 survivors (2048K)
 Metaspace       used 35867K, committed 36288K, reserved 393216K
  class space    used 4899K, committed 5120K, reserved 327680K
}
Event: 34.918 GC heap after
{Heap after GC invocations=7 (full 0):
 garbage-first heap   total 262144K, used 31588K [0x00000000e0000000, 0x0000000100000000)
  region size 1024K, 2 young (2048K), 2 survivors (2048K)
 Metaspace       used 35867K, committed 36288K, reserved 393216K
  class space    used 4899K, committed 5120K, reserved 327680K
}
Event: 47.313 GC heap before
{Heap before GC invocations=8 (full 0):
 garbage-first heap   total 262144K, used 194404K [0x00000000e0000000, 0x0000000100000000)
  region size 1024K, 150 young (153600K), 2 survivors (2048K)
 Metaspace       used 51108K, committed 51648K, reserved 393216K
  class space    used 7157K, committed 7424K, reserved 327680K
}
Event: 47.321 GC heap after
{Heap after GC invocations=9 (full 0):
 garbage-first heap   total 262144K, used 52157K [0x00000000e0000000, 0x0000000100000000)
  region size 1024K, 10 young (10240K), 10 survivors (10240K)
 Metaspace       used 51108K, committed 51648K, reserved 393216K
  class space    used 7157K, committed 7424K, reserved 327680K
}
Event: 47.378 GC heap before
{Heap before GC invocations=9 (full 0):
 garbage-first heap   total 262144K, used 53181K [0x00000000e0000000, 0x0000000100000000)
  region size 1024K, 12 young (12288K), 10 survivors (10240K)
 Metaspace       used 51305K, committed 51776K, reserved 393216K
  class space    used 7188K, committed 7424K, reserved 327680K
}
Event: 47.384 GC heap after
{Heap after GC invocations=10 (full 0):
 garbage-first heap   total 262144K, used 52596K [0x00000000e0000000, 0x0000000100000000)
  region size 1024K, 1 young (1024K), 1 survivors (1024K)
 Metaspace       used 51305K, committed 51776K, reserved 393216K
  class space    used 7188K, committed 7424K, reserved 327680K
}
Event: 62.123 GC heap before
{Heap before GC invocations=10 (full 0):
 garbage-first heap   total 262144K, used 166260K [0x00000000e0000000, 0x0000000100000000)
  region size 1024K, 113 young (115712K), 1 survivors (1024K)
 Metaspace       used 60255K, committed 60800K, reserved 393216K
  class space    used 8437K, committed 8704K, reserved 327680K
}
Event: 62.128 GC heap after
{Heap after GC invocations=11 (full 0):
 garbage-first heap   total 262144K, used 57417K [0x00000000e0000000, 0x0000000100000000)
  region size 1024K, 6 young (6144K), 6 survivors (6144K)
 Metaspace       used 60255K, committed 60800K, reserved 393216K
  class space    used 8437K, committed 8704K, reserved 327680K
}
Event: 70.918 GC heap before
{Heap before GC invocations=12 (full 0):
 garbage-first heap   total 262144K, used 197705K [0x00000000e0000000, 0x0000000100000000)
  region size 1024K, 144 young (147456K), 6 survivors (6144K)
 Metaspace       used 66833K, committed 67392K, reserved 393216K
  class space    used 9324K, committed 9600K, reserved 327680K
}
Event: 70.928 GC heap after
{Heap after GC invocations=13 (full 0):
 garbage-first heap   total 262144K, used 67759K [0x00000000e0000000, 0x0000000100000000)
  region size 1024K, 16 young (16384K), 16 survivors (16384K)
 Metaspace       used 66833K, committed 67392K, reserved 393216K
  class space    used 9324K, committed 9600K, reserved 327680K
}
Event: 78.237 GC heap before
{Heap before GC invocations=13 (full 0):
 garbage-first heap   total 262144K, used 200879K [0x00000000e0000000, 0x0000000100000000)
  region size 1024K, 146 young (149504K), 16 survivors (16384K)
 Metaspace       used 68243K, committed 68864K, reserved 393216K
  class space    used 9425K, committed 9728K, reserved 327680K
}
Event: 78.251 GC heap after
{Heap after GC invocations=14 (full 0):
 garbage-first heap   total 262144K, used 72910K [0x00000000e0000000, 0x0000000100000000)
  region size 1024K, 7 young (7168K), 7 survivors (7168K)
 Metaspace       used 68243K, committed 68864K, reserved 393216K
  class space    used 9425K, committed 9728K, reserved 327680K
}
Event: 103.677 GC heap before
{Heap before GC invocations=14 (full 0):
 garbage-first heap   total 262144K, used 205006K [0x00000000e0000000, 0x0000000100000000)
  region size 1024K, 136 young (139264K), 7 survivors (7168K)
 Metaspace       used 73174K, committed 73792K, reserved 393216K
  class space    used 10049K, committed 10368K, reserved 327680K
}
Event: 103.706 GC heap after
{Heap after GC invocations=15 (full 0):
 garbage-first heap   total 262144K, used 104066K [0x00000000e0000000, 0x0000000100000000)
  region size 1024K, 17 young (17408K), 17 survivors (17408K)
 Metaspace       used 73174K, committed 73792K, reserved 393216K
  class space    used 10049K, committed 10368K, reserved 327680K
}

