# JRE version: OpenJDK Runtime Environment Temurin-17.0.9+9 (17.0.9+9) (build 17.0.9+9)
# Java VM: OpenJDK 64-Bit Server VM Temurin-17.0.9+9 (17.0.9+9, mixed mode, sharing, tiered, compressed oops, compressed class ptrs, g1 gc, windows-amd64)
GC Precious Log:
 CPUs: 12 total, 12 available
 Memory: 16083M
 Large Page Support: Disabled
 NUMA Support: Disabled
 Compressed Oops: Enabled (32-bit)
 Heap Region Size: 1M
 Heap Min Capacity: 256M
 Heap Initial Capacity: 256M
 Heap Max Capacity: 512M
 Pre-touch: Disabled
 Parallel Workers: 10
 Concurrent Workers: 3
 Concurrent Refinement Workers: 10
 Periodic GC: Disabled
Heap:
 garbage-first heap   total 262144K, used 63378K [0x00000000e0000000, 0x0000000100000000)
  region size 1024K, 13 young (13312K), 6 survivors (6144K)
 Metaspace       used 60648K, committed 61312K, reserved 393216K
  class space    used 8513K, committed 8832K, reserved 327680K
GC Heap History (18 events):
Event: 3.344 GC heap before
{Heap before GC invocations=0 (full 0):
 garbage-first heap   total 262144K, used 26624K [0x00000000e0000000, 0x0000000100000000)
  region size 1024K, 23 young (23552K), 0 survivors (0K)
 Metaspace       used 3054K, committed 3200K, reserved 393216K
  class space    used 390K, committed 448K, reserved 327680K
}
Event: 3.417 GC heap after
{Heap after GC invocations=1 (full 0):
 garbage-first heap   total 262144K, used 10719K [0x00000000e0000000, 0x0000000100000000)
  region size 1024K, 3 young (3072K), 3 survivors (3072K)
 Metaspace       used 3054K, committed 3200K, reserved 393216K
  class space    used 390K, committed 448K, reserved 327680K
}
Event: 9.692 GC heap before
{Heap before GC invocations=1 (full 0):
 garbage-first heap   total 262144K, used 38367K [0x00000000e0000000, 0x0000000100000000)
  region size 1024K, 30 young (30720K), 3 survivors (3072K)
 Metaspace       used 4082K, committed 4224K, reserved 393216K
  class space    used 497K, committed 576K, reserved 327680K
}
Event: 9.695 GC heap after
{Heap after GC invocations=2 (full 0):
 garbage-first heap   total 262144K, used 11834K [0x00000000e0000000, 0x0000000100000000)
  region size 1024K, 1 young (1024K), 1 survivors (1024K)
 Metaspace       used 4082K, committed 4224K, reserved 393216K
  class space    used 497K, committed 576K, reserved 327680K
}
Event: 24.237 GC heap before
{Heap before GC invocations=2 (full 0):
 garbage-first heap   total 262144K, used 129594K [0x00000000e0000000, 0x0000000100000000)
  region size 1024K, 117 young (119808K), 1 survivors (1024K)
 Metaspace       used 21217K, committed 21504K, reserved 393216K
  class space    used 3109K, committed 3264K, reserved 327680K
}
Event: 24.247 GC heap after
{Heap after GC invocations=3 (full 0):
 garbage-first heap   total 262144K, used 22969K [0x00000000e0000000, 0x0000000100000000)
  region size 1024K, 12 young (12288K), 12 survivors (12288K)
 Metaspace       used 21217K, committed 21504K, reserved 393216K
  class space    used 3109K, committed 3264K, reserved 327680K
}
Event: 32.422 GC heap before
{Heap before GC invocations=4 (full 0):
 garbage-first heap   total 262144K, used 148921K [0x00000000e0000000, 0x0000000100000000)
  region size 1024K, 130 young (133120K), 12 survivors (12288K)
 Metaspace       used 35579K, committed 35968K, reserved 393216K
  class space    used 4835K, committed 5056K, reserved 327680K
}
Event: 32.439 GC heap after
{Heap after GC invocations=5 (full 0):
 garbage-first heap   total 262144K, used 31740K [0x00000000e0000000, 0x0000000100000000)
  region size 1024K, 9 young (9216K), 9 survivors (9216K)
 Metaspace       used 35579K, committed 35968K, reserved 393216K
  class space    used 4835K, committed 5056K, reserved 327680K
}
Event: 35.618 GC heap before
{Heap before GC invocations=5 (full 0):
 garbage-first heap   total 262144K, used 33788K [0x00000000e0000000, 0x0000000100000000)
  region size 1024K, 12 young (12288K), 9 survivors (9216K)
 Metaspace       used 35854K, committed 36288K, reserved 393216K
  class space    used 4890K, committed 5120K, reserved 327680K
}
Event: 35.624 GC heap after
{Heap after GC invocations=6 (full 0):
 garbage-first heap   total 262144K, used 31547K [0x00000000e0000000, 0x0000000100000000)
  region size 1024K, 2 young (2048K), 2 survivors (2048K)
 Metaspace       used 35854K, committed 36288K, reserved 393216K
  class space    used 4890K, committed 5120K, reserved 327680K
}
Event: 35.625 GC heap before
{Heap before GC invocations=6 (full 0):
 garbage-first heap   total 262144K, used 31547K [0x00000000e0000000, 0x0000000100000000)
  region size 1024K, 3 young (3072K), 2 survivors (2048K)
 Metaspace       used 35858K, committed 36288K, reserved 393216K
  class space    used 4890K, committed 5120K, reserved 327680K
}
Event: 35.626 GC heap after
{Heap after GC invocations=7 (full 0):
 garbage-first heap   total 262144K, used 30977K [0x00000000e0000000, 0x0000000100000000)
  region size 1024K, 1 young (1024K), 1 survivors (1024K)
 Metaspace       used 35858K, committed 36288K, reserved 393216K
  class space    used 4890K, committed 5120K, reserved 327680K
}
Event: 59.707 GC heap before
{Heap before GC invocations=8 (full 0):
 garbage-first heap   total 262144K, used 198913K [0x00000000e0000000, 0x0000000100000000)
  region size 1024K, 153 young (156672K), 1 survivors (1024K)
 Metaspace       used 51293K, committed 51776K, reserved 393216K
  class space    used 7178K, committed 7424K, reserved 327680K
}
Event: 59.714 GC heap after
{Heap after GC invocations=9 (full 0):
 garbage-first heap   total 262144K, used 52181K [0x00000000e0000000, 0x0000000100000000)
  region size 1024K, 10 young (10240K), 10 survivors (10240K)
 Metaspace       used 51293K, committed 51776K, reserved 393216K
  class space    used 7178K, committed 7424K, reserved 327680K
}
Event: 59.860 GC heap before
{Heap before GC invocations=9 (full 0):
 garbage-first heap   total 262144K, used 54229K [0x00000000e0000000, 0x0000000100000000)
  region size 1024K, 12 young (12288K), 10 survivors (10240K)
 Metaspace       used 51580K, committed 52032K, reserved 393216K
  class space    used 7212K, committed 7424K, reserved 327680K
}
Event: 59.866 GC heap after
{Heap after GC invocations=10 (full 0):
 garbage-first heap   total 262144K, used 52458K [0x00000000e0000000, 0x0000000100000000)
  region size 1024K, 1 young (1024K), 1 survivors (1024K)
 Metaspace       used 51580K, committed 52032K, reserved 393216K
  class space    used 7212K, committed 7424K, reserved 327680K
}
Event: 109.342 GC heap before
{Heap before GC invocations=10 (full 0):
 garbage-first heap   total 262144K, used 166122K [0x00000000e0000000, 0x0000000100000000)
  region size 1024K, 113 young (115712K), 1 survivors (1024K)
 Metaspace       used 60180K, committed 60736K, reserved 393216K
  class space    used 8429K, committed 8704K, reserved 327680K
}
Event: 109.418 GC heap after
{Heap after GC invocations=11 (full 0):
 garbage-first heap   total 262144K, used 57234K [0x00000000e0000000, 0x0000000100000000)
  region size 1024K, 6 young (6144K), 6 survivors (6144K)
 Metaspace       used 60180K, committed 60736K, reserved 393216K
  class space    used 8429K, committed 8704K, reserved 327680K
}

